Started GET "/" for 127.0.0.1 at 2019-05-02 23:08:45 -0300
Processing by Rails::WelcomeController#index as HTML
  Rendering /home/wsaspire/.rvm/gems/ruby-2.4.4/gems/railties-5.2.3/lib/rails/templates/rails/welcome/index.html.erb
  Rendered /home/wsaspire/.rvm/gems/ruby-2.4.4/gems/railties-5.2.3/lib/rails/templates/rails/welcome/index.html.erb (11.7ms)
Completed 200 OK in 98ms (Views: 57.2ms | ActiveRecord: 0.0ms)


Started GET "/favicon.ico" for 127.0.0.1 at 2019-05-02 23:08:45 -0300
  
ActionController::RoutingError (No route matches [GET] "/favicon.ico"):
  
actionpack (5.2.3) lib/action_dispatch/middleware/debug_exceptions.rb:65:in `call'
actionpack (5.2.3) lib/action_dispatch/middleware/show_exceptions.rb:33:in `call'
railties (5.2.3) lib/rails/rack/logger.rb:38:in `call_app'
railties (5.2.3) lib/rails/rack/logger.rb:26:in `block in call'
activesupport (5.2.3) lib/active_support/tagged_logging.rb:71:in `block in tagged'
activesupport (5.2.3) lib/active_support/tagged_logging.rb:28:in `tagged'
activesupport (5.2.3) lib/active_support/tagged_logging.rb:71:in `tagged'
railties (5.2.3) lib/rails/rack/logger.rb:26:in `call'
actionpack (5.2.3) lib/action_dispatch/middleware/remote_ip.rb:81:in `call'
actionpack (5.2.3) lib/action_dispatch/middleware/request_id.rb:27:in `call'
rack (2.0.7) lib/rack/runtime.rb:22:in `call'
activesupport (5.2.3) lib/active_support/cache/strategy/local_cache_middleware.rb:29:in `call'
actionpack (5.2.3) lib/action_dispatch/middleware/executor.rb:14:in `call'
actionpack (5.2.3) lib/action_dispatch/middleware/static.rb:127:in `call'
rack (2.0.7) lib/rack/sendfile.rb:111:in `call'
railties (5.2.3) lib/rails/engine.rb:524:in `call'
puma (3.12.1) lib/puma/configuration.rb:227:in `call'
puma (3.12.1) lib/puma/server.rb:660:in `handle_request'
puma (3.12.1) lib/puma/server.rb:474:in `process_client'
puma (3.12.1) lib/puma/server.rb:334:in `block in run'
puma (3.12.1) lib/puma/thread_pool.rb:135:in `block in spawn_thread'
  [1m[35m (0.2ms)[0m  [1m[34mSELECT sqlite_version(*)[0m
  ↳ bin/rails:9
  [1m[35m (187.9ms)[0m  [1m[35mCREATE TABLE "schema_migrations" ("version" varchar NOT NULL PRIMARY KEY)[0m
  ↳ bin/rails:9
  [1m[35m (153.7ms)[0m  [1m[35mCREATE TABLE "ar_internal_metadata" ("key" varchar NOT NULL PRIMARY KEY, "value" varchar, "created_at" datetime NOT NULL, "updated_at" datetime NOT NULL)[0m
  ↳ bin/rails:9
  [1m[35m (0.3ms)[0m  [1m[34mSELECT "schema_migrations"."version" FROM "schema_migrations" ORDER BY "schema_migrations"."version" ASC[0m
  ↳ bin/rails:9
Migrating to CreateCategories (20190503021456)
  [1m[35m (0.1ms)[0m  [1m[36mbegin transaction[0m
  ↳ bin/rails:9
  [1m[35m (0.6ms)[0m  [1m[35mCREATE TABLE "categories" ("id" integer PRIMARY KEY AUTOINCREMENT NOT NULL, "title" varchar, "created_at" datetime NOT NULL, "updated_at" datetime NOT NULL)[0m
  ↳ db/migrate/20190503021456_create_categories.rb:3
  [1m[36mActiveRecord::SchemaMigration Create (0.3ms)[0m  [1m[32mINSERT INTO "schema_migrations" ("version") VALUES (?)[0m  [["version", "20190503021456"]]
  ↳ bin/rails:9
  [1m[35m (118.3ms)[0m  [1m[36mcommit transaction[0m
  ↳ bin/rails:9
Migrating to CreateRestaurants (20190503021527)
  [1m[35m (0.1ms)[0m  [1m[36mbegin transaction[0m
  ↳ bin/rails:9
  [1m[35m (0.8ms)[0m  [1m[35mCREATE TABLE "restaurants" ("id" integer PRIMARY KEY AUTOINCREMENT NOT NULL, "name" varchar, "description" text, "status" integer, "delivery_tax" float, "state" varchar, "city" varchar, "street" varchar, "neighborhood" varchar, "number" varchar, "complement" varchar, "reference" varchar, "cep" varchar, "latitude" float, "longitude" float, "category_id" integer, "created_at" datetime NOT NULL, "updated_at" datetime NOT NULL, CONSTRAINT "fk_rails_08f808c5fb"
FOREIGN KEY ("category_id")
  REFERENCES "categories" ("id")
)[0m
  ↳ db/migrate/20190503021527_create_restaurants.rb:3
  [1m[35m (0.3ms)[0m  [1m[35mCREATE  INDEX "index_restaurants_on_category_id" ON "restaurants" ("category_id")[0m
  ↳ db/migrate/20190503021527_create_restaurants.rb:3
  [1m[36mActiveRecord::SchemaMigration Create (0.3ms)[0m  [1m[32mINSERT INTO "schema_migrations" ("version") VALUES (?)[0m  [["version", "20190503021527"]]
  ↳ bin/rails:9
  [1m[35m (100.4ms)[0m  [1m[36mcommit transaction[0m
  ↳ bin/rails:9
Migrating to CreateProductCategories (20190503021546)
  [1m[35m (0.2ms)[0m  [1m[36mbegin transaction[0m
  ↳ bin/rails:9
  [1m[35m (0.7ms)[0m  [1m[35mCREATE TABLE "product_categories" ("id" integer PRIMARY KEY AUTOINCREMENT NOT NULL, "title" varchar, "restaurant_id" integer, "created_at" datetime NOT NULL, "updated_at" datetime NOT NULL, CONSTRAINT "fk_rails_15a29c3a40"
FOREIGN KEY ("restaurant_id")
  REFERENCES "restaurants" ("id")
)[0m
  ↳ db/migrate/20190503021546_create_product_categories.rb:3
  [1m[35m (0.3ms)[0m  [1m[35mCREATE  INDEX "index_product_categories_on_restaurant_id" ON "product_categories" ("restaurant_id")[0m
  ↳ db/migrate/20190503021546_create_product_categories.rb:3
  [1m[36mActiveRecord::SchemaMigration Create (0.3ms)[0m  [1m[32mINSERT INTO "schema_migrations" ("version") VALUES (?)[0m  [["version", "20190503021546"]]
  ↳ bin/rails:9
  [1m[35m (132.6ms)[0m  [1m[36mcommit transaction[0m
  ↳ bin/rails:9
Migrating to CreateProducts (20190503021601)
  [1m[35m (0.3ms)[0m  [1m[36mbegin transaction[0m
  ↳ bin/rails:9
  [1m[35m (0.5ms)[0m  [1m[35mCREATE TABLE "products" ("id" integer PRIMARY KEY AUTOINCREMENT NOT NULL, "name" varchar, "description" text, "price" float, "product_category_id" integer, "created_at" datetime NOT NULL, "updated_at" datetime NOT NULL, CONSTRAINT "fk_rails_efe167855e"
FOREIGN KEY ("product_category_id")
  REFERENCES "product_categories" ("id")
)[0m
  ↳ db/migrate/20190503021601_create_products.rb:3
  [1m[35m (0.2ms)[0m  [1m[35mCREATE  INDEX "index_products_on_product_category_id" ON "products" ("product_category_id")[0m
  ↳ db/migrate/20190503021601_create_products.rb:3
  [1m[36mActiveRecord::SchemaMigration Create (0.2ms)[0m  [1m[32mINSERT INTO "schema_migrations" ("version") VALUES (?)[0m  [["version", "20190503021601"]]
  ↳ bin/rails:9
  [1m[35m (159.1ms)[0m  [1m[36mcommit transaction[0m
  ↳ bin/rails:9
Migrating to CreateReviews (20190503021613)
  [1m[35m (0.1ms)[0m  [1m[36mbegin transaction[0m
  ↳ bin/rails:9
  [1m[35m (0.5ms)[0m  [1m[35mCREATE TABLE "reviews" ("id" integer PRIMARY KEY AUTOINCREMENT NOT NULL, "value" integer, "restaurant_id" integer, "created_at" datetime NOT NULL, "updated_at" datetime NOT NULL, CONSTRAINT "fk_rails_8173017a90"
FOREIGN KEY ("restaurant_id")
  REFERENCES "restaurants" ("id")
)[0m
  ↳ db/migrate/20190503021613_create_reviews.rb:3
  [1m[35m (0.2ms)[0m  [1m[35mCREATE  INDEX "index_reviews_on_restaurant_id" ON "reviews" ("restaurant_id")[0m
  ↳ db/migrate/20190503021613_create_reviews.rb:3
  [1m[36mActiveRecord::SchemaMigration Create (0.2ms)[0m  [1m[32mINSERT INTO "schema_migrations" ("version") VALUES (?)[0m  [["version", "20190503021613"]]
  ↳ bin/rails:9
  [1m[35m (138.7ms)[0m  [1m[36mcommit transaction[0m
  ↳ bin/rails:9
Migrating to CreateOrders (20190503021624)
  [1m[35m (0.1ms)[0m  [1m[36mbegin transaction[0m
  ↳ bin/rails:9
  [1m[35m (0.7ms)[0m  [1m[35mCREATE TABLE "orders" ("id" integer PRIMARY KEY AUTOINCREMENT NOT NULL, "name" varchar, "phone_number" varchar, "total_value" float, "address" varchar, "status" integer DEFAULT 0, "restaurant_id" integer, "created_at" datetime NOT NULL, "updated_at" datetime NOT NULL, CONSTRAINT "fk_rails_9af093cac8"
FOREIGN KEY ("restaurant_id")
  REFERENCES "restaurants" ("id")
)[0m
  ↳ db/migrate/20190503021624_create_orders.rb:3
  [1m[35m (0.3ms)[0m  [1m[35mCREATE  INDEX "index_orders_on_restaurant_id" ON "orders" ("restaurant_id")[0m
  ↳ db/migrate/20190503021624_create_orders.rb:3
  [1m[36mActiveRecord::SchemaMigration Create (0.2ms)[0m  [1m[32mINSERT INTO "schema_migrations" ("version") VALUES (?)[0m  [["version", "20190503021624"]]
  ↳ bin/rails:9
  [1m[35m (138.3ms)[0m  [1m[36mcommit transaction[0m
  ↳ bin/rails:9
Migrating to CreateOrderProducts (20190503021633)
  [1m[35m (0.1ms)[0m  [1m[36mbegin transaction[0m
  ↳ bin/rails:9
  [1m[35m (0.6ms)[0m  [1m[35mCREATE TABLE "order_products" ("id" integer PRIMARY KEY AUTOINCREMENT NOT NULL, "quantity" integer, "comment" text, "order_id" integer, "product_id" integer, "created_at" datetime NOT NULL, "updated_at" datetime NOT NULL, CONSTRAINT "fk_rails_f40b8ccee4"
FOREIGN KEY ("order_id")
  REFERENCES "orders" ("id")
, CONSTRAINT "fk_rails_96c0709f78"
FOREIGN KEY ("product_id")
  REFERENCES "products" ("id")
)[0m
  ↳ db/migrate/20190503021633_create_order_products.rb:3
  [1m[35m (0.3ms)[0m  [1m[35mCREATE  INDEX "index_order_products_on_order_id" ON "order_products" ("order_id")[0m
  ↳ db/migrate/20190503021633_create_order_products.rb:3
  [1m[35m (0.2ms)[0m  [1m[35mCREATE  INDEX "index_order_products_on_product_id" ON "order_products" ("product_id")[0m
  ↳ db/migrate/20190503021633_create_order_products.rb:3
  [1m[36mActiveRecord::SchemaMigration Create (0.3ms)[0m  [1m[32mINSERT INTO "schema_migrations" ("version") VALUES (?)[0m  [["version", "20190503021633"]]
  ↳ bin/rails:9
  [1m[35m (116.2ms)[0m  [1m[36mcommit transaction[0m
  ↳ bin/rails:9
  [1m[36mActiveRecord::InternalMetadata Load (0.4ms)[0m  [1m[34mSELECT  "ar_internal_metadata".* FROM "ar_internal_metadata" WHERE "ar_internal_metadata"."key" = ? LIMIT ?[0m  [["key", "environment"], ["LIMIT", 1]]
  ↳ bin/rails:9
  [1m[35m (0.1ms)[0m  [1m[36mbegin transaction[0m
  ↳ bin/rails:9
  [1m[36mActiveRecord::InternalMetadata Create (0.6ms)[0m  [1m[32mINSERT INTO "ar_internal_metadata" ("key", "value", "created_at", "updated_at") VALUES (?, ?, ?, ?)[0m  [["key", "environment"], ["value", "development"], ["created_at", "2019-05-03 02:18:22.977325"], ["updated_at", "2019-05-03 02:18:22.977325"]]
  ↳ bin/rails:9
  [1m[35m (98.8ms)[0m  [1m[36mcommit transaction[0m
  ↳ bin/rails:9
  [1m[35m (0.4ms)[0m  [1m[34mSELECT "schema_migrations"."version" FROM "schema_migrations" ORDER BY "schema_migrations"."version" ASC[0m
  ↳ bin/rails:9
